<?xml version="1.0" encoding="UTF-8"?>
<testng-results ignored="0" total="1" passed="1" failed="0" skipped="0">
  <reporter-output>
  </reporter-output>
  <suite started-at="2022-08-17T11:55:17 IST" name="Default suite" finished-at="2022-08-17T11:55:28 IST" duration-ms="11527">
    <groups>
    </groups>
    <test started-at="2022-08-17T11:55:17 IST" name="Default test" finished-at="2022-08-17T11:55:28 IST" duration-ms="11527">
      <class name="Module1_Login_Test.KiteLoginTest">
        <test-method is-config="true" signature="openBrowser()[pri:0, instance:Module1_Login_Test.KiteLoginTest@6d4e5011]" started-at="2022-08-17T11:55:17 IST" name="openBrowser" finished-at="2022-08-17T11:55:27 IST" duration-ms="9979" status="PASS">
          <reporter-output>
          </reporter-output>
        </test-method> <!-- openBrowser -->
        <test-method is-config="true" signature="loginToApp()[pri:0, instance:Module1_Login_Test.KiteLoginTest@6d4e5011]" started-at="2022-08-17T11:55:27 IST" name="loginToApp" finished-at="2022-08-17T11:55:27 IST" duration-ms="536" status="PASS">
          <reporter-output>
          </reporter-output>
        </test-method> <!-- loginToApp -->
        <test-method signature="verifyUserID()[pri:0, instance:Module1_Login_Test.KiteLoginTest@6d4e5011]" started-at="2022-08-17T11:55:27 IST" name="verifyUserID" finished-at="2022-08-17T11:55:28 IST" duration-ms="965" status="PASS">
          <reporter-output>
          </reporter-output>
        </test-method> <!-- verifyUserID -->
        <test-method is-config="true" signature="logoutFromApp(org.testng.ITestResult)[pri:0, instance:Module1_Login_Test.KiteLoginTest@6d4e5011]" started-at="2022-08-17T11:55:28 IST" name="logoutFromApp" finished-at="2022-08-17T11:55:28 IST" duration-ms="3" status="PASS">
          <params>
            <param index="0">
              <value>
                <![CDATA[[TestResult name=verifyUserID status=SUCCESS method=KiteLoginTest.verifyUserID()[pri:0, instance:Module1_Login_Test.KiteLoginTest@6d4e5011] output={null}]]]>
              </value>
            </param>
          </params>
          <reporter-output>
          </reporter-output>
        </test-method> <!-- logoutFromApp -->
      </class> <!-- Module1_Login_Test.KiteLoginTest -->
    </test> <!-- Default test -->
  </suite> <!-- Default suite -->
</testng-results>
