<?xml version="1.0" encoding="UTF-8"?>
<testng-results ignored="0" total="2" passed="2" failed="0" skipped="0">
  <reporter-output>
  </reporter-output>
  <suite started-at="2022-09-14T14:27:01 IST" name="ParallelTesting" finished-at="2022-09-14T14:27:27 IST" duration-ms="26563">
    <groups>
    </groups>
    <test started-at="2022-09-14T14:27:01 IST" name="Test" finished-at="2022-09-14T14:27:14 IST" duration-ms="13681">
      <class name="parallelTesting.parameter">
        <test-method is-config="true" signature="initBrowser(java.lang.String)[pri:0, instance:parallelTesting.parameter@7c711375]" started-at="2022-09-14T14:27:01 IST" name="initBrowser" finished-at="2022-09-14T14:27:14 IST" duration-ms="13537" status="PASS">
          <params>
            <param index="0">
              <value>
                <![CDATA[chrome]]>
              </value>
            </param>
          </params>
          <reporter-output>
          </reporter-output>
        </test-method> <!-- initBrowser -->
        <test-method signature="verifyTitle()[pri:0, instance:parallelTesting.parameter@7c711375]" started-at="2022-09-14T14:27:14 IST" name="verifyTitle" finished-at="2022-09-14T14:27:14 IST" duration-ms="16" status="PASS">
          <reporter-output>
          </reporter-output>
        </test-method> <!-- verifyTitle -->
        <test-method is-config="true" signature="tearDown()[pri:0, instance:parallelTesting.parameter@7c711375]" started-at="2022-09-14T14:27:14 IST" name="tearDown" finished-at="2022-09-14T14:27:14 IST" duration-ms="98" status="PASS">
          <reporter-output>
          </reporter-output>
        </test-method> <!-- tearDown -->
      </class> <!-- parallelTesting.parameter -->
    </test> <!-- Test -->
    <test started-at="2022-09-14T14:27:14 IST" name="Test1" finished-at="2022-09-14T14:27:27 IST" duration-ms="12811">
      <class name="parallelTesting.parameter">
        <test-method is-config="true" signature="initBrowser(java.lang.String)[pri:0, instance:parallelTesting.parameter@783a467b]" started-at="2022-09-14T14:27:14 IST" name="initBrowser" finished-at="2022-09-14T14:27:27 IST" duration-ms="12711" status="PASS">
          <params>
            <param index="0">
              <value>
                <![CDATA[firefox]]>
              </value>
            </param>
          </params>
          <reporter-output>
          </reporter-output>
        </test-method> <!-- initBrowser -->
        <test-method signature="verifyTitle()[pri:0, instance:parallelTesting.parameter@783a467b]" started-at="2022-09-14T14:27:27 IST" name="verifyTitle" finished-at="2022-09-14T14:27:27 IST" duration-ms="14" status="PASS">
          <reporter-output>
          </reporter-output>
        </test-method> <!-- verifyTitle -->
        <test-method is-config="true" signature="tearDown()[pri:0, instance:parallelTesting.parameter@783a467b]" started-at="2022-09-14T14:27:27 IST" name="tearDown" finished-at="2022-09-14T14:27:27 IST" duration-ms="84" status="PASS">
          <reporter-output>
          </reporter-output>
        </test-method> <!-- tearDown -->
      </class> <!-- parallelTesting.parameter -->
    </test> <!-- Test1 -->
  </suite> <!-- ParallelTesting -->
</testng-results>
