<?xml version="1.0" encoding="UTF-8"?>
<!-- Generated by org.testng.reporters.JUnitXMLReporter -->
<testsuite ignored="0" hostname="Ram" failures="1" tests="1" name="GmailLaunch" time="6.933" errors="0" timestamp="2022-08-18T15:28:20 IST">
  <testcase classname="testNG.LaunchGmailUsingParameters" name="getTitle" time="0.005">
    <failure type="java.lang.NullPointerException" message="Cannot invoke &amp;quot;org.openqa.selenium.WebDriver.getTitle()&amp;quot; because &amp;quot;this.driver&amp;quot; is null">
      <![CDATA[java.lang.NullPointerException: Cannot invoke "org.openqa.selenium.WebDriver.getTitle()" because "this.driver" is null
at testNG.LaunchGmailUsingParameters.getTitle(LaunchGmailUsingParameters.java:23)
at java.base/java.util.ArrayList.forEach(ArrayList.java:1511)
... Removed 27 stack frames]]>
    </failure>
  </testcase> <!-- getTitle -->
</testsuite> <!-- GmailLaunch -->
