<?xml version="1.0" encoding="UTF-8"?>
<!-- Generated by org.testng.reporters.JUnitXMLReporter -->
<testsuite ignored="0" hostname="Ram" failures="1" tests="7" name="Test" time="1.814" errors="0" timestamp="2022-08-18T15:22:23 IST">
  <testcase classname="testNG.LaunchGmailUsingParameters" name="getTitle" time="0.005">
    <failure type="java.lang.NullPointerException" message="Cannot invoke &amp;quot;org.openqa.selenium.WebDriver.getTitle()&amp;quot; because &amp;quot;this.driver&amp;quot; is null">
      <![CDATA[java.lang.NullPointerException: Cannot invoke "org.openqa.selenium.WebDriver.getTitle()" because "this.driver" is null
at testNG.LaunchGmailUsingParameters.getTitle(LaunchGmailUsingParameters.java:23)
at java.base/java.util.ArrayList.forEach(ArrayList.java:1511)
... Removed 27 stack frames]]>
    </failure>
  </testcase> <!-- getTitle -->
  <testcase classname="testNG.Parameter" name="f" time="0.001"/>
  <testcase classname="testNG.Groups" name="custardapple" time="0.0"/>
  <testcase classname="testNG.Groups" name="pineapple" time="0.001"/>
  <testcase classname="testNG.Groups" name="banana" time="0.001"/>
  <testcase classname="testNG.Groups" name="mango" time="0.0"/>
  <testcase classname="testNG.Groups" name="apple" time="0.0"/>
</testsuite> <!-- Test -->
