<?xml version="1.0" encoding="UTF-8"?>
<!-- Generated by org.testng.reporters.JUnitXMLReporter -->
<testsuite ignored="9" hostname="Ram" failures="0" tests="2" name="gruops" time="0.097" errors="0" timestamp="2022-09-13T22:58:34 IST">
  <testcase classname="groups.AssertionsPriority" name="apple" time="0.02"/>
  <testcase classname="groups.Annotations" name="secondMethod" time="0.002"/>
  <testcase classname="groups.DependsOnMethods" name="Apple" time="0.0">
    <ignored/>
  </testcase> <!-- Apple -->
  <testcase classname="groups.Enabled" name="Lemon" time="0.0">
    <ignored/>
  </testcase> <!-- Lemon -->
  <testcase classname="groups.DependsOnMethods" name="Pomigranete" time="0.0">
    <ignored/>
  </testcase> <!-- Pomigranete -->
  <testcase classname="groups.Annotations" name="TestNGAnnotations" time="0.0">
    <ignored/>
  </testcase> <!-- TestNGAnnotations -->
  <testcase classname="groups.DependsOnMethods" name="Lemon" time="0.0">
    <ignored/>
  </testcase> <!-- Lemon -->
  <testcase classname="groups.Enabled" name="Apple" time="0.0">
    <ignored/>
  </testcase> <!-- Apple -->
  <testcase classname="groups.AssertionsPriority" name="Pomigranete" time="0.0">
    <ignored/>
  </testcase> <!-- Pomigranete -->
  <testcase classname="groups.Enabled" name="Pomigranete" time="0.0">
    <ignored/>
  </testcase> <!-- Pomigranete -->
  <testcase classname="groups.AssertionsPriority" name="lemon" time="0.0">
    <ignored/>
  </testcase> <!-- lemon -->
</testsuite> <!-- gruops -->
