<?xml version="1.0" encoding="UTF-8"?>
<!-- Generated by org.testng.reporters.JUnitXMLReporter -->
<testsuite ignored="4" hostname="Ram" failures="0" tests="20" name="Test" time="4.133" errors="0" timestamp="2022-09-13T22:35:37 IST">
  <testcase classname="testng.Enabled" name="Pomigranete" time="0.007"/>
  <testcase classname="testng.TimeOut" name="Pomigranete" time="4.016"/>
  <testcase classname="testng.InvocationCount" name="Apple" time="0.001"/>
  <testcase classname="testng.InvocationCount" name="Lemon" time="0.001"/>
  <testcase classname="testng.InvocationCount" name="Lemon" time="0.002"/>
  <testcase classname="testng.InvocationCount" name="Lemon" time="0.001"/>
  <testcase classname="testng.InvocationCount" name="Lemon" time="0.002"/>
  <testcase classname="testng.InvocationCount" name="Pomigranete" time="0.002"/>
  <testcase classname="testng.DependsOnMethods" name="Apple" time="0.001"/>
  <testcase classname="testng.DependsOnMethods" name="Lemon" time="0.001"/>
  <testcase classname="testng.DependsOnMethods" name="Pomigranete" time="0.001"/>
  <testcase classname="testng.Annotations" name="TestNGAnnotations" time="0.001"/>
  <testcase classname="testng.Annotations" name="secondMethod" time="0.001"/>
  <testcase classname="testng.AssertionsPriority" name="apple" time="0.001"/>
  <testcase classname="testng.AssertionsPriority" name="lemon" time="0.001"/>
  <testcase classname="testng.AssertionsPriority" name="Pomigranete" time="0.001"/>
  <testcase classname="testng.Priority" name="Pomegranete" time="0.001"/>
  <testcase classname="testng.Priority" name="apple" time="0.0"/>
  <testcase classname="testng.Priority" name="lemon" time="0.001"/>
  <testcase classname="testng.FirstTestClass" name="TestCase1" time="0.001"/>
  <testcase classname="testng.TimeOut" name="Lemon" time="0.0">
    <ignored/>
  </testcase> <!-- Lemon -->
  <testcase classname="testng.Enabled" name="Lemon" time="0.0">
    <ignored/>
  </testcase> <!-- Lemon -->
  <testcase classname="testng.TimeOut" name="Apple" time="0.0">
    <ignored/>
  </testcase> <!-- Apple -->
  <testcase classname="testng.Enabled" name="Apple" time="0.0">
    <ignored/>
  </testcase> <!-- Apple -->
</testsuite> <!-- Test -->
