<?xml version="1.0" encoding="UTF-8"?>
<!-- Generated by org.testng.reporters.JUnitXMLReporter -->
<testsuite ignored="4" hostname="Ram" failures="1" tests="5" name="Test(failed)" time="3.1" errors="0" timestamp="2022-09-13T22:34:13 IST">
  <testcase classname="testng.DependsOnMethods" name="Lemon" time="0.017"/>
  <testcase classname="testng.DependsOnMethods" name="Apple" time="0.0"/>
  <testcase classname="testng.DependsOnMethods" name="Pomigranete" time="0.001"/>
  <testcase classname="testng.TimeOut" name="Pomigranete" time="3.021">
    <failure type="org.testng.internal.thread.ThreadTimeoutException" message="Method testng.TimeOut.Pomigranete() didn&amp;apos;t finish within the time-out 3000">
      <![CDATA[org.testng.internal.thread.ThreadTimeoutException: Method testng.TimeOut.Pomigranete() didn't finish within the time-out 3000
at java.base/java.util.ArrayList.forEach(ArrayList.java:1511)
... Removed 24 stack frames]]>
    </failure>
  </testcase> <!-- Pomigranete -->
  <testcase classname="testng.InvocationCount" name="Apple" time="0.001"/>
  <testcase classname="testng.TimeOut" name="Lemon" time="0.0">
    <ignored/>
  </testcase> <!-- Lemon -->
  <testcase classname="testng.InvocationCount" name="Pomigranete" time="0.0">
    <ignored/>
  </testcase> <!-- Pomigranete -->
  <testcase classname="testng.TimeOut" name="Apple" time="0.0">
    <ignored/>
  </testcase> <!-- Apple -->
  <testcase classname="testng.InvocationCount" name="Lemon" time="0.0">
    <ignored/>
  </testcase> <!-- Lemon -->
</testsuite> <!-- Test(failed) -->
