<?xml version="1.0" encoding="UTF-8"?>
<!-- Generated by org.testng.reporters.JUnitXMLReporter -->
<testsuite ignored="2" hostname="Ram" failures="0" tests="1" name="Test(failed)(failed)" time="4.076" errors="0" timestamp="2022-09-13T22:34:51 IST">
  <testcase classname="testng.TimeOut" name="Pomigranete" time="4.024"/>
  <testcase classname="testng.TimeOut" name="Lemon" time="0.0">
    <ignored/>
  </testcase> <!-- Lemon -->
  <testcase classname="testng.TimeOut" name="Apple" time="0.0">
    <ignored/>
  </testcase> <!-- Apple -->
</testsuite> <!-- Test(failed)(failed) -->
